<?xml version="1.0" encoding="UTF-8"?>
<!-- Generated by org.testng.reporters.JUnitReportReporter -->
<testsuite hostname="DESKTOP-KSBD2KN" failures="0" tests="1" name="testNGParameterization.DeleteLead" time="42.614" errors="0" timestamp="2023-12-24T01:08:53 IST" skipped="0">
  <testcase classname="testNGParameterization.DeleteLead" name="deleteTc002" time="42.614"/>
  <system-out/>
</testsuite> <!-- testNGParameterization.DeleteLead -->
