<?xml version="1.0" encoding="UTF-8"?>
<!-- Generated by org.testng.reporters.JUnitReportReporter -->
<testsuite hostname="DESKTOP-KSBD2KN" failures="0" tests="1" name="self.practice.MergeLead" time="16.669" errors="0" timestamp="2023-06-11T17:45:49 IST" skipped="0">
  <testcase classname="self.practice.MergeLead" name="mrgLead" time="16.669"/>
  <system-out/>
</testsuite> <!-- self.practice.MergeLead -->
