<?xml version="1.0" encoding="UTF-8"?>
<!-- Generated by org.testng.reporters.JUnitReportReporter -->
<testsuite hostname="DESKTOP-KSBD2KN" failures="0" tests="1" name="testNGtestcase1.DeleteLead" time="20.606" errors="0" timestamp="2023-12-17T06:26:01 IST" skipped="0">
  <testcase classname="testNGtestcase1.DeleteLead" name="delLead" time="20.606"/>
  <system-out/>
</testsuite> <!-- testNGtestcase1.DeleteLead -->
