<?xml version="1.0" encoding="UTF-8"?>
<!-- Generated by org.testng.reporters.JUnitReportReporter -->
<testsuite hostname="DESKTOP-KSBD2KN" failures="0" tests="1" name="self.practice.rough2" time="16.921" errors="0" timestamp="2023-12-31T01:39:47 IST" skipped="0">
  <testcase classname="self.practice.rough2" name="casual" time="16.921"/>
  <system-out/>
</testsuite> <!-- self.practice.rough2 -->
