<?xml version="1.0" encoding="UTF-8"?>
<!-- Generated by org.testng.reporters.JUnitReportReporter -->
<testsuite hostname="DESKTOP-KSBD2KN" failures="0" tests="2" name="testNGParameterization.CreateLead" time="54.337" errors="0" timestamp="2023-12-17T06:50:05 IST" skipped="0">
  <testcase classname="testNGParameterization.CreateLead" name="runCreate" time="29.906"/>
  <system-out/>
  <testcase classname="testNGParameterization.CreateLead" name="runCreate" time="24.431"/>
  <system-out/>
</testsuite> <!-- testNGParameterization.CreateLead -->
