<?xml version="1.0" encoding="UTF-8"?>
<!-- Generated by org.testng.reporters.JUnitReportReporter -->
<testsuite hostname="DESKTOP-KSBD2KN" failures="0" tests="1" name="week5.day2.TestNGannotationTest" time="0.011" errors="0" timestamp="2023-06-11T16:44:00 IST" skipped="0">
  <testcase classname="week5.day2.TestNGannotationTest" name="annotationTest" time="0.011"/>
  <system-out/>
</testsuite> <!-- week5.day2.TestNGannotationTest -->
