<?xml version="1.0" encoding="UTF-8"?>
<!-- Generated by org.testng.reporters.JUnitReportReporter -->
<testsuite hostname="DESKTOP-KSBD2KN" failures="0" tests="2" name="testNGParameterization.DataProviderCreateLead" time="135.507" errors="0" timestamp="2023-12-24T01:08:53 IST" skipped="0">
  <testcase classname="testNGParameterization.DataProviderCreateLead" name="runCreate" time="62.104"/>
  <system-out/>
  <testcase classname="testNGParameterization.DataProviderCreateLead" name="runCreate" time="73.403"/>
  <system-out/>
</testsuite> <!-- testNGParameterization.DataProviderCreateLead -->
