<?xml version="1.0" encoding="UTF-8"?>
<!-- Generated by org.testng.reporters.JUnitReportReporter -->
<testsuite hostname="DESKTOP-KSBD2KN" failures="0" tests="1" name="week5.day2.TestNGannotation" time="0.024" errors="0" timestamp="2023-12-23T23:04:21 IST" skipped="0">
  <testcase classname="week5.day2.TestNGannotation" name="annotationTest" time="0.024"/>
  <system-out/>
</testsuite> <!-- week5.day2.TestNGannotation -->
