<?xml version="1.0" encoding="UTF-8"?>
<!-- Generated by org.testng.reporters.JUnitReportReporter -->
<testsuite hostname="DESKTOP-KSBD2KN" failures="0" tests="3" name="week5.day2.LearnAttributes" time="0.036" errors="0" timestamp="2023-12-23T18:52:10 IST" skipped="0">
  <testcase classname="week5.day2.LearnAttributes" name="avalue2" time="0.009"/>
  <system-out/>
  <testcase classname="week5.day2.LearnAttributes" name="cvalue1" time="0.019"/>
  <system-out/>
  <testcase classname="week5.day2.LearnAttributes" name="bvalue3" time="0.008"/>
  <system-out/>
</testsuite> <!-- week5.day2.LearnAttributes -->
