<?xml version="1.0" encoding="UTF-8"?>
<!-- Generated by org.testng.reporters.JUnitReportReporter -->
<testsuite hostname="DESKTOP-KSBD2KN" failures="0" tests="1" name="self.practice.rough1" time="20.341" errors="0" timestamp="2023-06-11T00:23:18 IST" skipped="0">
  <testcase classname="self.practice.rough1" name="dupLead" time="20.341"/>
  <system-out/>
</testsuite> <!-- self.practice.rough1 -->
