<?xml version="1.0" encoding="UTF-8"?>
<!-- Generated by org.testng.reporters.JUnitReportReporter -->
<testsuite hostname="DESKTOP-KSBD2KN" failures="0" tests="1" name="TestNGtestcase.DuplicateLead" time="32.008" errors="0" timestamp="2024-05-03T11:47:59 IST" skipped="0">
  <testcase classname="TestNGtestcase.DuplicateLead" name="dupLead" time="32.008"/>
  <system-out/>
</testsuite> <!-- TestNGtestcase.DuplicateLead -->
