<?xml version="1.0" encoding="UTF-8"?>
<!-- Generated by org.testng.reporters.JUnitReportReporter -->
<testsuite hostname="DESKTOP-KSBD2KN" failures="0" tests="1" name="TestNGtestcase.MergeLead" time="53.108" errors="0" timestamp="2023-12-23T16:08:46 IST" skipped="0">
  <testcase classname="TestNGtestcase.MergeLead" name="mrgLead" time="53.108"/>
  <system-out/>
</testsuite> <!-- TestNGtestcase.MergeLead -->
