<?xml version="1.0" encoding="UTF-8"?>
<!-- Generated by org.testng.reporters.JUnitReportReporter -->
<testsuite hostname="DESKTOP-KSBD2KN" failures="0" tests="1" name="week5.day1.TestNGCreateLead" time="34.299" errors="0" timestamp="2023-12-25T23:19:32 IST" skipped="0">
  <testcase classname="week5.day1.TestNGCreateLead" name="runCreate" time="34.299"/>
  <system-out/>
</testsuite> <!-- week5.day1.TestNGCreateLead -->
