<?xml version="1.0" encoding="UTF-8"?>
<!-- Generated by org.testng.reporters.JUnitReportReporter -->
<testsuite hostname="DESKTOP-KSBD2KN" failures="0" tests="3" name="z61OptionalEx.CreateOptionalObjectEx" time="0.030" errors="0" timestamp="2024-06-06T11:33:45 IST" skipped="0">
  <testcase classname="z61OptionalEx.CreateOptionalObjectEx" name="testUsingOfNullable" time="0.003"/>
  <system-out/>
  <testcase classname="z61OptionalEx.CreateOptionalObjectEx" name="testCreateEmpty" time="0.024"/>
  <system-out/>
  <testcase classname="z61OptionalEx.CreateOptionalObjectEx" name="testUsingOf" time="0.003"/>
  <system-out/>
</testsuite> <!-- z61OptionalEx.CreateOptionalObjectEx -->
